<?xml version="1.0" encoding="UTF-8"?>
<!-- Generated by org.testng.reporters.JUnitXMLReporter -->
<testsuite ignored="0" hostname="LAPTOP-CB45H386" failures="0" tests="5" name="Surefire test" time="68.524" errors="0" timestamp="2024-06-02T18:07:40 IST">
  <testcase classname="demo.AddAddressTest" name="addAddressTest" time="0.01"/>
  <testcase classname="demo.DemoTest" name="demoTest" time="0.019"/>
  <testcase classname="demo.LoginTest" name="loginTest" time="11.792"/>
  <testcase classname="demo.LoginTest" name="loginTest" time="13.89"/>
  <testcase classname="demo.LoginTest" name="loginTest" time="8.61"/>
</testsuite> <!-- Surefire test -->
